<?xml version="1.0" encoding="UTF-8"?>
<!-- Generated by org.testng.reporters.JUnitReportReporter -->
<testsuite hostname="DESKTOP-FE3TF8H" failures="0" tests="1" name="com.qa.tests.GetAPITestCase" time="1.629" errors="0" timestamp="2020-12-27T23:19:39 GMT-08:00" skipped="0">
  <testcase classname="com.qa.tests.GetAPITestCase" name="getAPITest" time="1.629"/>
  <system-out/>
</testsuite> <!-- com.qa.tests.GetAPITestCase -->
