<?xml version="1.0" encoding="UTF-8"?>
<!-- Generated by org.testng.reporters.JUnitReportReporter -->
<testsuite hostname="DESKTOP-FE3TF8H" failures="0" tests="1" name="com.qa.tests.PostAPITestCase" time="2.360" errors="0" timestamp="2020-12-29T22:21:14 GMT-08:00" skipped="0">
  <testcase classname="com.qa.tests.PostAPITestCase" name="CreateUserTestCase" time="2.360"/>
  <system-out/>
</testsuite> <!-- com.qa.tests.PostAPITestCase -->
